  BackEnd.cpp
C:\Users\jabbo\Documents\Git\OpenGL-Experimenting-main\OpenGL-Experimenting\GLREFACTOR\Core\Physics.h(18,1): warning C4267: '=': conversion from 'size_t' to 'int', possible loss of data
C:\Users\jabbo\Documents\Git\OpenGL-Experimenting-main\OpenGL-Experimenting\GLREFACTOR\Core\Physics.h(113,1): warning C4267: '=': conversion from 'size_t' to 'int', possible loss of data
C:\Users\jabbo\Documents\Git\OpenGL-Experimenting-main\OpenGL-Experimenting\GLREFACTOR\Core\BackEnd.cpp(66,26): warning C4244: 'initializing': conversion from 'double' to 'float', possible loss of data
  Physics.cpp
C:\Users\jabbo\Documents\Git\OpenGL-Experimenting-main\OpenGL-Experimenting\GLREFACTOR\Core\Physics.h(18,1): warning C4267: '=': conversion from 'size_t' to 'int', possible loss of data
C:\Users\jabbo\Documents\Git\OpenGL-Experimenting-main\OpenGL-Experimenting\GLREFACTOR\Core\Physics.h(113,1): warning C4267: '=': conversion from 'size_t' to 'int', possible loss of data
  Engine.cpp
C:\Users\jabbo\Documents\Git\OpenGL-Experimenting-main\OpenGL-Experimenting\GLREFACTOR\Core\Physics.h(18,1): warning C4267: '=': conversion from 'size_t' to 'int', possible loss of data
C:\Users\jabbo\Documents\Git\OpenGL-Experimenting-main\OpenGL-Experimenting\GLREFACTOR\Core\Physics.h(113,1): warning C4267: '=': conversion from 'size_t' to 'int', possible loss of data
  Renderer.cpp
C:\Users\jabbo\Documents\Git\OpenGL-Experimenting-main\OpenGL-Experimenting\GLREFACTOR\Core\Physics.h(18,1): warning C4267: '=': conversion from 'size_t' to 'int', possible loss of data
C:\Users\jabbo\Documents\Git\OpenGL-Experimenting-main\OpenGL-Experimenting\GLREFACTOR\Core\Physics.h(113,1): warning C4267: '=': conversion from 'size_t' to 'int', possible loss of data
C:\Users\jabbo\Documents\Git\OpenGL-Experimenting-main\OpenGL-Experimenting\GLREFACTOR\Renderer\Renderer.cpp(306,57): warning C4267: 'argument': conversion from 'size_t' to 'GLsizei', possible loss of data
C:\Users\jabbo\Documents\Git\OpenGL-Experimenting-main\OpenGL-Experimenting\GLREFACTOR\Renderer\Renderer.cpp(311,61): warning C4267: 'argument': conversion from 'size_t' to 'GLsizei', possible loss of data
C:\Users\jabbo\Documents\Git\OpenGL-Experimenting-main\OpenGL-Experimenting\GLREFACTOR\Renderer\Renderer.cpp(312,57): warning C4267: 'argument': conversion from 'size_t' to 'GLsizei', possible loss of data
C:\Users\jabbo\Documents\Git\OpenGL-Experimenting-main\OpenGL-Experimenting\GLREFACTOR\Renderer\Renderer.cpp(317,60): warning C4267: 'argument': conversion from 'size_t' to 'GLsizei', possible loss of data
C:\Users\jabbo\Documents\Git\OpenGL-Experimenting-main\OpenGL-Experimenting\GLREFACTOR\Renderer\Renderer.cpp(318,57): warning C4267: 'argument': conversion from 'size_t' to 'GLsizei', possible loss of data
C:\Users\jabbo\Documents\Git\OpenGL-Experimenting-main\OpenGL-Experimenting\GLREFACTOR\Renderer\Renderer.cpp(325,76): warning C4267: 'argument': conversion from 'size_t' to 'GLsizei', possible loss of data
C:\Users\jabbo\Documents\Git\OpenGL-Experimenting-main\OpenGL-Experimenting\GLREFACTOR\Renderer\Renderer.cpp(326,73): warning C4267: 'argument': conversion from 'size_t' to 'GLsizei', possible loss of data
C:\Users\jabbo\Documents\Git\OpenGL-Experimenting-main\OpenGL-Experimenting\GLREFACTOR\Renderer\Renderer.cpp(353,115): warning C4267: 'argument': conversion from 'size_t' to 'GLsizei', possible loss of data
LINK : warning LNK4098: defaultlib 'MSVCRTD' conflicts with use of other libs; use /NODEFAULTLIB:library
  Generating code
  6 of 2067 functions ( 0.3%) were compiled, the rest were copied from previous compilation.
    0 functions were new in current compilation
    23 functions had inline decision re-evaluated but remain unchanged
  Finished generating code
glfw3.lib(context.obj) : warning LNK4099: PDB 'glfw3.pdb' was not found with 'glfw3.lib(context.obj)' or at 'C:\Users\jabbo\Documents\Git\OpenGL-Experimenting-main\OpenGL-Experimenting\x64\Release\glfw3.pdb'; linking object as if no debug info
glfw3.lib(init.obj) : warning LNK4099: PDB 'glfw3.pdb' was not found with 'glfw3.lib(init.obj)' or at 'C:\Users\jabbo\Documents\Git\OpenGL-Experimenting-main\OpenGL-Experimenting\x64\Release\glfw3.pdb'; linking object as if no debug info
glfw3.lib(input.obj) : warning LNK4099: PDB 'glfw3.pdb' was not found with 'glfw3.lib(input.obj)' or at 'C:\Users\jabbo\Documents\Git\OpenGL-Experimenting-main\OpenGL-Experimenting\x64\Release\glfw3.pdb'; linking object as if no debug info
glfw3.lib(monitor.obj) : warning LNK4099: PDB 'glfw3.pdb' was not found with 'glfw3.lib(monitor.obj)' or at 'C:\Users\jabbo\Documents\Git\OpenGL-Experimenting-main\OpenGL-Experimenting\x64\Release\glfw3.pdb'; linking object as if no debug info
glfw3.lib(platform.obj) : warning LNK4099: PDB '' was not found with 'glfw3.lib(platform.obj)' or at ''; linking object as if no debug info
glfw3.lib(vulkan.obj) : warning LNK4099: PDB 'glfw3.pdb' was not found with 'glfw3.lib(vulkan.obj)' or at 'C:\Users\jabbo\Documents\Git\OpenGL-Experimenting-main\OpenGL-Experimenting\x64\Release\glfw3.pdb'; linking object as if no debug info
glfw3.lib(window.obj) : warning LNK4099: PDB 'glfw3.pdb' was not found with 'glfw3.lib(window.obj)' or at 'C:\Users\jabbo\Documents\Git\OpenGL-Experimenting-main\OpenGL-Experimenting\x64\Release\glfw3.pdb'; linking object as if no debug info
glfw3.lib(egl_context.obj) : warning LNK4099: PDB 'glfw3.pdb' was not found with 'glfw3.lib(egl_context.obj)' or at 'C:\Users\jabbo\Documents\Git\OpenGL-Experimenting-main\OpenGL-Experimenting\x64\Release\glfw3.pdb'; linking object as if no debug info
glfw3.lib(osmesa_context.obj) : warning LNK4099: PDB '' was not found with 'glfw3.lib(osmesa_context.obj)' or at ''; linking object as if no debug info
glfw3.lib(null_init.obj) : warning LNK4099: PDB '' was not found with 'glfw3.lib(null_init.obj)' or at ''; linking object as if no debug info
glfw3.lib(null_monitor.obj) : warning LNK4099: PDB 'glfw3.pdb' was not found with 'glfw3.lib(null_monitor.obj)' or at 'C:\Users\jabbo\Documents\Git\OpenGL-Experimenting-main\OpenGL-Experimenting\x64\Release\glfw3.pdb'; linking object as if no debug info
glfw3.lib(null_window.obj) : warning LNK4099: PDB 'glfw3.pdb' was not found with 'glfw3.lib(null_window.obj)' or at 'C:\Users\jabbo\Documents\Git\OpenGL-Experimenting-main\OpenGL-Experimenting\x64\Release\glfw3.pdb'; linking object as if no debug info
glfw3.lib(null_joystick.obj) : warning LNK4099: PDB 'glfw3.pdb' was not found with 'glfw3.lib(null_joystick.obj)' or at 'C:\Users\jabbo\Documents\Git\OpenGL-Experimenting-main\OpenGL-Experimenting\x64\Release\glfw3.pdb'; linking object as if no debug info
glfw3.lib(win32_module.obj) : warning LNK4099: PDB 'glfw3.pdb' was not found with 'glfw3.lib(win32_module.obj)' or at 'C:\Users\jabbo\Documents\Git\OpenGL-Experimenting-main\OpenGL-Experimenting\x64\Release\glfw3.pdb'; linking object as if no debug info
glfw3.lib(win32_time.obj) : warning LNK4099: PDB 'glfw3.pdb' was not found with 'glfw3.lib(win32_time.obj)' or at 'C:\Users\jabbo\Documents\Git\OpenGL-Experimenting-main\OpenGL-Experimenting\x64\Release\glfw3.pdb'; linking object as if no debug info
glfw3.lib(win32_thread.obj) : warning LNK4099: PDB 'glfw3.pdb' was not found with 'glfw3.lib(win32_thread.obj)' or at 'C:\Users\jabbo\Documents\Git\OpenGL-Experimenting-main\OpenGL-Experimenting\x64\Release\glfw3.pdb'; linking object as if no debug info
glfw3.lib(win32_init.obj) : warning LNK4099: PDB 'glfw3.pdb' was not found with 'glfw3.lib(win32_init.obj)' or at 'C:\Users\jabbo\Documents\Git\OpenGL-Experimenting-main\OpenGL-Experimenting\x64\Release\glfw3.pdb'; linking object as if no debug info
glfw3.lib(win32_joystick.obj) : warning LNK4099: PDB 'glfw3.pdb' was not found with 'glfw3.lib(win32_joystick.obj)' or at 'C:\Users\jabbo\Documents\Git\OpenGL-Experimenting-main\OpenGL-Experimenting\x64\Release\glfw3.pdb'; linking object as if no debug info
glfw3.lib(win32_monitor.obj) : warning LNK4099: PDB 'glfw3.pdb' was not found with 'glfw3.lib(win32_monitor.obj)' or at 'C:\Users\jabbo\Documents\Git\OpenGL-Experimenting-main\OpenGL-Experimenting\x64\Release\glfw3.pdb'; linking object as if no debug info
glfw3.lib(win32_window.obj) : warning LNK4099: PDB 'glfw3.pdb' was not found with 'glfw3.lib(win32_window.obj)' or at 'C:\Users\jabbo\Documents\Git\OpenGL-Experimenting-main\OpenGL-Experimenting\x64\Release\glfw3.pdb'; linking object as if no debug info
glfw3.lib(wgl_context.obj) : warning LNK4099: PDB 'glfw3.pdb' was not found with 'glfw3.lib(wgl_context.obj)' or at 'C:\Users\jabbo\Documents\Git\OpenGL-Experimenting-main\OpenGL-Experimenting\x64\Release\glfw3.pdb'; linking object as if no debug info
  GLREFACTOR.vcxproj -> C:\Users\jabbo\Documents\Git\OpenGL-Experimenting-main\OpenGL-Experimenting\x64\Release\GLREFACTOR.exe
