c:\users\jabbo\source\repos\glrefactor\glrefactor\x64\debug\vc143.pdb
c:\users\jabbo\source\repos\glrefactor\glrefactor\x64\debug\vc143.idb
c:\users\jabbo\source\repos\glrefactor\glrefactor\x64\debug\shaderstructs.obj
c:\users\jabbo\source\repos\glrefactor\glrefactor\x64\debug\renderer.obj
c:\users\jabbo\source\repos\glrefactor\glrefactor\x64\debug\main.obj
c:\users\jabbo\source\repos\glrefactor\glrefactor\x64\debug\input.obj
c:\users\jabbo\source\repos\glrefactor\glrefactor\x64\debug\engine.obj
c:\users\jabbo\source\repos\glrefactor\glrefactor\x64\debug\camera.obj
c:\users\jabbo\source\repos\glrefactor\glrefactor\x64\debug\shadermanager.obj
c:\users\jabbo\source\repos\glrefactor\glrefactor\x64\debug\scene.obj
c:\users\jabbo\source\repos\glrefactor\glrefactor\x64\debug\controllers.obj
c:\users\jabbo\source\repos\glrefactor\glrefactor\x64\debug\backend.obj
c:\users\jabbo\source\repos\glrefactor\glrefactor\x64\debug\assetmanager.obj
c:\users\jabbo\source\repos\glrefactor\glrefactor\x64\debug\util.obj
c:\users\jabbo\source\repos\glrefactor\glrefactor\x64\debug\glad.obj
c:\users\jabbo\source\repos\glrefactor\glrefactor\x64\debug\physics.obj
c:\users\jabbo\source\repos\glrefactor\x64\debug\glrefactor.exe
c:\users\jabbo\source\repos\glrefactor\x64\debug\glrefactor.pdb
c:\users\jabbo\source\repos\glrefactor\glrefactor\x64\debug\glrefactor.ilk
c:\users\jabbo\source\repos\glrefactor\glrefactor\x64\debug\assetmanager.nativecodeanalysis.xml
c:\users\jabbo\source\repos\glrefactor\glrefactor\x64\debug\backend.nativecodeanalysis.xml
c:\users\jabbo\source\repos\glrefactor\glrefactor\x64\debug\camera.nativecodeanalysis.xml
c:\users\jabbo\source\repos\glrefactor\glrefactor\x64\debug\controllers.nativecodeanalysis.xml
c:\users\jabbo\source\repos\glrefactor\glrefactor\x64\debug\engine.nativecodeanalysis.xml
c:\users\jabbo\source\repos\glrefactor\glrefactor\x64\debug\glad.nativecodeanalysis.xml
c:\users\jabbo\source\repos\glrefactor\glrefactor\x64\debug\input.nativecodeanalysis.xml
c:\users\jabbo\source\repos\glrefactor\glrefactor\x64\debug\main.nativecodeanalysis.xml
c:\users\jabbo\source\repos\glrefactor\glrefactor\x64\debug\renderer.nativecodeanalysis.xml
c:\users\jabbo\source\repos\glrefactor\glrefactor\x64\debug\scene.nativecodeanalysis.xml
c:\users\jabbo\source\repos\glrefactor\glrefactor\x64\debug\shadermanager.nativecodeanalysis.xml
c:\users\jabbo\source\repos\glrefactor\glrefactor\x64\debug\shaderstructs.nativecodeanalysis.xml
c:\users\jabbo\source\repos\glrefactor\glrefactor\x64\debug\util.nativecodeanalysis.xml
c:\users\jabbo\source\repos\glrefactor\glrefactor\x64\debug\vc.nativecodeanalysis.all.xml
c:\users\jabbo\source\repos\glrefactor\glrefactor\x64\debug\glrefactor.tlog\cl.command.1.tlog
c:\users\jabbo\source\repos\glrefactor\glrefactor\x64\debug\glrefactor.tlog\cl.items.tlog
c:\users\jabbo\source\repos\glrefactor\glrefactor\x64\debug\glrefactor.tlog\cl.read.1.tlog
c:\users\jabbo\source\repos\glrefactor\glrefactor\x64\debug\glrefactor.tlog\cl.write.1.tlog
c:\users\jabbo\source\repos\glrefactor\glrefactor\x64\debug\glrefactor.tlog\link.command.1.tlog
c:\users\jabbo\source\repos\glrefactor\glrefactor\x64\debug\glrefactor.tlog\link.read.1.tlog
c:\users\jabbo\source\repos\glrefactor\glrefactor\x64\debug\glrefactor.tlog\link.secondary.1.tlog
c:\users\jabbo\source\repos\glrefactor\glrefactor\x64\debug\glrefactor.tlog\link.write.1.tlog
